2025-03-18 16:29:44,403 - INFO - 开始构建Mac版本基础文件...
2025-03-18 16:29:44,404 - INFO - 正在清理构建文件夹...
2025-03-18 16:29:44,507 - INFO - 正在构建Mac应用...
2025-03-18 16:29:44,508 - INFO - 正在创建Mac图标...
2025-03-18 16:29:45,045 - ERROR - 错误: 未能创建Mac图标文件
2025-03-18 16:30:12,734 - INFO - 开始构建Mac版本基础文件...
2025-03-18 16:30:12,734 - INFO - 正在清理构建文件夹...
2025-03-18 16:30:12,734 - INFO - 正在构建Mac应用...
2025-03-18 16:30:12,735 - INFO - 正在创建Mac图标...
2025-03-18 16:30:13,136 - ERROR - 错误: 未能创建Mac图标文件
2025-03-18 16:31:24,934 - INFO - 开始构建Mac版本...
2025-03-18 16:31:24,951 - INFO - 开始构建Mac版本基础文件...
2025-03-18 16:31:24,951 - INFO - 正在清理构建文件夹...
2025-03-18 16:31:24,957 - INFO - 正在构建Mac应用...
2025-03-18 16:31:24,957 - INFO - 正在创建Mac图标...
2025-03-18 16:31:25,358 - ERROR - 错误: 未能创建Mac图标文件
2025-03-18 16:33:11,119 - INFO - 开始构建Mac版本...
2025-03-18 16:33:11,140 - INFO - 开始构建Mac版本基础文件...
2025-03-18 16:33:11,141 - INFO - 正在清理构建文件夹...
2025-03-18 16:33:11,141 - INFO - 正在构建Mac应用...
2025-03-18 16:33:11,142 - INFO - 正在创建Mac图标...
2025-03-18 16:33:11,144 - INFO - 在Windows环境下使用PIL生成ICNS文件...
2025-03-18 16:33:11,483 - INFO - 已创建临时ICNS文件
2025-03-18 16:33:11,485 - INFO - 开始检查必需文件...
2025-03-18 16:33:11,486 - INFO - 文件存在: work_timer_cross_platform.py
2025-03-18 16:33:11,486 - INFO - 文件存在: mac_adapter.py
2025-03-18 16:33:11,487 - INFO - 文件存在: work_timer_mac.py
2025-03-18 16:33:11,487 - INFO - 文件存在: pig_nose_icon.ico
2025-03-18 16:33:11,487 - INFO - 文件存在: donate_qr.png
2025-03-18 16:33:11,488 - INFO - 文件存在: sounds
2025-03-18 16:33:11,488 - INFO - 文件存在: .env
2025-03-18 16:33:11,488 - INFO - 文件存在: settings.json
2025-03-18 16:33:11,488 - INFO - 文件存在: cloud_config.json
2025-03-18 16:33:11,489 - INFO - 文件存在: LICENSE
2025-03-18 16:33:11,489 - INFO - 所有必需文件检查完成
2025-03-18 16:33:12,858 - ERROR - 构建Mac应用失败: 526 INFO: PyInstaller: 6.12.0, contrib hooks: 2025.1
527 INFO: Python: 3.10.16 (conda)
539 INFO: Platform: Windows-10-10.0.22631-SP0
539 INFO: Python environment: C:\Users\lenovo\.conda\envs\pimer
539 INFO: wrote mac_build\Pimer.spec
549 INFO: Module search paths (PYTHONPATH):
['C:\\Users\\lenovo\\.conda\\envs\\pimer\\Scripts\\pyinstaller.exe',
 'C:\\Users\\lenovo\\.conda\\envs\\pimer\\python310.zip',
 'C:\\Users\\lenovo\\.conda\\envs\\pimer\\DLLs',
 'C:\\Users\\lenovo\\.conda\\envs\\pimer\\lib',
 'C:\\Users\\lenovo\\.conda\\envs\\pimer',
 'C:\\Users\\lenovo\\.conda\\envs\\pimer\\lib\\site-packages',
 'C:\\Users\\lenovo\\.conda\\envs\\pimer\\lib\\site-packages\\setuptools\\_vendor',
 'D:\\ppXinyue\\Pimer']
1036 INFO: Appending 'datas' from .spec
Unable to find 'D:\\ppXinyue\\Pimer\\mac_build\\pig_nose_icon.ico' when adding binary and data files.

2025-03-18 16:34:18,650 - INFO - 开始构建Mac版本...
2025-03-18 16:34:18,668 - INFO - 开始准备Mac版本文件...
2025-03-18 16:34:18,669 - INFO - 正在清理构建文件夹...
2025-03-18 16:34:18,670 - INFO - 开始检查必需文件...
2025-03-18 16:34:18,670 - INFO - 文件存在: work_timer_cross_platform.py
2025-03-18 16:34:18,671 - INFO - 文件存在: mac_adapter.py
2025-03-18 16:34:18,671 - INFO - 文件存在: work_timer_mac.py
2025-03-18 16:34:18,671 - INFO - 文件存在: pig_nose_icon.ico
2025-03-18 16:34:18,671 - INFO - 文件存在: donate_qr.png
2025-03-18 16:34:18,671 - INFO - 文件存在: sounds
2025-03-18 16:34:18,671 - INFO - 文件存在: .env
2025-03-18 16:34:18,671 - INFO - 文件存在: settings.json
2025-03-18 16:34:18,672 - INFO - 文件存在: cloud_config.json
2025-03-18 16:34:18,672 - INFO - 文件存在: LICENSE
2025-03-18 16:34:18,672 - INFO - 所有必需文件检查完成
2025-03-18 16:34:18,686 - INFO - Mac版本文件准备完成！
2025-03-18 16:34:18,686 - INFO - 请将mac_build目录复制到Mac系统上，然后运行以下命令完成构建:
2025-03-18 16:34:18,686 - INFO -   python build_mac.py
